
Analysis Description
--------------------
MEME (Mixed Effects Model of Evolution) estimates a site-wise synonymous
(&alpha;) and a two-category mixture of non-synonymous (&beta;-, with
proportion p-, and &beta;+ with proportion [1-p-]) rates, and uses a
likelihood ratio test to determine if &beta;+ > &alpha; at a site. The
estimates aggregate information over a proportion of branches at a site,
so the signal is derived from episodic diversification, which is a
combination of strength of selection [effect size] and the proportion of
the tree affected. A subset of branches can be selected for testing as
well, in which case an additional (nuisance) parameter will be inferred
-- the non-synonymous rate on branches NOT selected for testing.
Multiple partitions within a NEXUS file are also supported for
recombination - aware analysis. Version 3.0 adds a different format for
ancestral state reconstruction, branch-site posterior storage, and
site-level heterogeneity testing. 

- __Requirements__: in-frame codon alignment and a phylogenetic tree

- __Citation__: Detecting Individual Sites Subject to Episodic Diversifying Selection.
_PLoS Genet_ 8(7): e1002764.

- __Written by__: Sergei L. Kosakovsky Pond, Steven Weaver

- __Contact Information__: spond@temple.edu

- __Analysis Version__: 3.0


>code –> Universal

-------
>[WARNING] This dataset contains 20 duplicate sequences. Identical
sequences do not contribute any information to the analysis and only
slow down computation. Please consider removing duplicate or 'nearly'
duplicate sequences, e.g. using
https://github.com/veg/hyphy-analyses/tree/master/remove-duplicates
prior to running selection analyses
-------
/srv/data/VOF/INF/KMAN/ancestral_reconstruction_final/hyphy_new/pb2/pb2_annotated_tree.nexus
pb2_annotated_tree.nexus

>Loaded a multiple sequence alignment with **969** sequences, **760** codons, and **1** partitions from `/srv/data/VOF/INF/KMAN/ancestral_reconstruction_final/hyphy_new/pb2/pb2.fasta`

>branches –> HUMAN-HUMAN

>Select the p-value threshold to use when testing for selection (permissible range = [0,1], default value = 0.1): 
>pvalue –> 0.1

>[Advanced setting, will result in MUCH SLOWER run time] Perform parametric bootstrap resampling to derive site-level null LRT distributions up to this many replicates per site. Recommended use for small to medium (<30 sequences) datasets (permissible range = [0,1000], default value = 50, integer): 
>resample –> 0


### Branches to include in the MEME analysis
Selected 409 branches to include in the MEME analysis: `SEQ_803, SEQ_805, SEQ_924, Node15, SEQ_804, Node14, Node12, SEQ_802, Node11, SEQ_811, SEQ_801, Node27, SEQ_812, Node26, SEQ_806, SEQ_808, SEQ_807, Node94, SEQ_968, SEQ_789, Node115, Node56, Node31, SEQ_790, Node2, SEQ_779, SEQ_782, Node128, SEQ_785, Node127, SEQ_758, SEQ_787, Node137, SEQ_771, SEQ_772, SEQ_773, Node145, Node143, SEQ_768, Node148, Node142, SEQ_783, Node141, SEQ_757, Node140, Node136, Node132, Node126, SEQ_776, SEQ_775, SEQ_784, Node158, Node156, Node125, SEQ_778, SEQ_760, SEQ_764, SEQ_766, SEQ_763, SEQ_765, Node169, Node167, SEQ_767, SEQ_761, SEQ_873, SEQ_872, Node206, SEQ_753, SEQ_752, Node212, Node211, Node210, SEQ_791, SEQ_863, SEQ_862, SEQ_902, SEQ_934, SEQ_903, SEQ_864, Node229, Node227, Node225, Node223, Node221, SEQ_898, SEQ_923, SEQ_932, Node238, SEQ_966, Node237, SEQ_890, Node236, Node234, SEQ_964, SEQ_967, Node248, SEQ_956, Node247, Node245, SEQ_929, SEQ_957, SEQ_961, SEQ_958, Node257, SEQ_959, Node256, Node254, Node252, Node244, Node243, Node233, SEQ_840, Node232, Node220, SEQ_769, SEQ_781, SEQ_786, Node270, SEQ_774, SEQ_780, Node275, SEQ_770, Node274, Node269, Node219, Node217, Node209, Node205, Node198, SEQ_756, Node197, SEQ_755, Node196, SEQ_754, Node195, Node193, SEQ_759, Node192, Node190, Node189, Node180, Node178, Node176, Node174, Node166, Node164, SEQ_799, Node163, Node161, Node124, SEQ_794, Node287, SEQ_795, Node291, SEQ_796, Node290, SEQ_777, SEQ_793, Node297, Node286, Node123, SEQ_800, Node122, SEQ_909, SEQ_907, SEQ_942, SEQ_950, SEQ_952, Node493, Node491, SEQ_905, SEQ_908, Node503, SEQ_906, Node506, Node502, Node498, Node496, SEQ_921, SEQ_917, SEQ_918, Node519, SEQ_919, SEQ_920, SEQ_951, Node570, SEQ_946, SEQ_949, Node579, Node577, Node575, SEQ_810, SEQ_809, SEQ_837, SEQ_836, SEQ_955, SEQ_954, SEQ_912, Node648, SEQ_904, Node764, Node763, SEQ_844, Node762, SEQ_842, SEQ_841, Node792, Node791, SEQ_849, SEQ_944, Node802, SEQ_922, SEQ_940, Node808, Node807, Node801, Node799, Node815, Node814, Node812, Node790, SEQ_832, SEQ_897, SEQ_865, Node838, Node836, SEQ_887, SEQ_884, Node844, SEQ_885, SEQ_877, Node847, SEQ_867, SEQ_868, Node850, Node843, SEQ_886, Node842, SEQ_859, SEQ_854, Node855, SEQ_860, Node854, Node841, Node835, Node862, SEQ_880, SEQ_871, Node869, Node867, Node861, SEQ_889, SEQ_888, Node877, SEQ_891, Node876, SEQ_876, Node882, SEQ_881, SEQ_882, Node887, SEQ_878, SEQ_874, Node886, SEQ_911, SEQ_914, SEQ_915, Node908, SEQ_913, Node907, Node913, SEQ_927, SEQ_926, Node918, Node917, SEQ_928, SEQ_930, SEQ_925, Node923, SEQ_916, Node922, Node916, Node912, Node906, Node904, Node903, Node901, Node899, Node893, SEQ_883, Node892, Node885, Node881, Node875, SEQ_931, SEQ_965, Node931, SEQ_879, Node930, Node860, SEQ_855, Node859, Node834, SEQ_870, Node944, SEQ_861, Node947, Node943, SEQ_939, SEQ_943, Node952, Node951, Node950, Node942, Node941, Node940, Node833, Node830, SEQ_843, Node829, SEQ_848, SEQ_857, Node983, SEQ_856, SEQ_828, SEQ_829, Node994, Node991, SEQ_825, SEQ_827, Node997, SEQ_830, Node990, Node988, SEQ_824, SEQ_846, SEQ_838, Node1004, Node1002, SEQ_823, Node1001, Node987, SEQ_894, SEQ_895, SEQ_893, Node1015, Node1013, SEQ_896, SEQ_892, Node1022, Node1020, Node1018, Node1012, Node1010, SEQ_816, Node1009, Node1033, SEQ_833, SEQ_834, Node1051, SEQ_815, SEQ_820, SEQ_818, SEQ_822, SEQ_819, SEQ_814, Node1063, Node1061, Node1059, Node1057, SEQ_821, Node1056, Node1054, Node1050, SEQ_817, Node1049, Node1008, Node986, Node982, SEQ_831, SEQ_835, SEQ_845, SEQ_826, Node1077, Node1075, Node1080, SEQ_839, Node1085, Node1073, Node1071, Node1069, Node1091, Node1090, Node1068, Node981, Node980, Node828, Node789, Node769, SEQ_941, SEQ_960, SEQ_866, SEQ_853, SEQ_858, SEQ_852, Node1681, Node1679, Node1677, SEQ_762`


### Obtaining branch lengths and nucleotide substitution biases under the nucleotide GTR model

>kill-zero-lengths –> Yes

### Deleted 65 zero-length internal branches: `Node10, Node1001, Node1002, Node1004, Node1018, Node1020, Node1022, Node1023, Node1027, Node1049, Node1050, Node1054, Node1056, Node1057, Node1059, Node1061, Node1063, Node1069, Node1075, Node1077, Node1112, Node1114, Node1116, Node1118, Node12, Node14, Node15, Node156, Node1681, Node183, Node269, Node274, Node287, Node291, Node293, Node416, Node417, Node482, Node636, Node638, Node674, Node748, Node749, Node750, Node760, Node761, Node769, Node789, Node791, Node828, Node835, Node841, Node850, Node867, Node907, Node916, Node922, Node941, Node943, Node947, Node980, Node981, Node982, Node986, Node987`
* Log(L) = -212356.30, AIC-c = 428379.65 (1832 estimated parameters)
* 1 partition. Total tree length by partition (subs/site) 17.072

### Obtaining the global omega estimate based on relative GTR branch lengths and nucleotide substitution biases
* Log(L) = -187221.45, AIC-c = 378001.47 (1775 estimated parameters)
* 1 partition. Total tree length by partition (subs/site) 18.281
* non-synonymous/synonymous rate ratio for *background* =   0.0771
* non-synonymous/synonymous rate ratio for *test* =   0.0713

### Improving branch lengths, nucleotide substitution biases, and global dN/dS ratios under a full codon model

>full-model –> Yes
* Log(L) = -186720.06
* non-synonymous/synonymous rate ratio for *background* =   0.0736
* non-synonymous/synonymous rate ratio for *test* =   0.0668

### For partition 1 these sites are significant at p <=0.1

|   Codon    | Partition  |   alpha    |   beta+    |     p+     |    LRT     |Episodic selection detected?| # branches |Most common codon substitutions at this site|
|:----------:|:----------:|:----------:|:----------:|:----------:|:----------:|:--------------------------:|:----------:|:------------------------------------------:|
|     58     |     1      |    0.877   |  329.382   |    0.004   |    3.728   |      Yes, p =  0.0729      |     1      |[20]acA>acG|[12]acA>acT|[5]Aca>Gca|[3]acA...|
|    105     |     1      |    0.376   |    6.007   |    0.089   |    4.119   |      Yes, p =  0.0595      |     1      |[10]acA>acG|[9]aCa>aTa|[8]Aca>Gca|[4]acG>...|
|    110     |     1      |    1.631   |  122.333   |    0.005   |    6.378   |      Yes, p =  0.0186      |     1      |[42]caC>caT|[11]caT>caC|[2]Cac>Aac|[1]caC...|
|    191     |     1      |    0.971   |  267.525   |    0.009   |    6.022   |      Yes, p =  0.0223      |     2      |[25]gaG>gaA|[18]Gaa>Aaa|[11]gaA>gaG|[5]Ga...|
|    227     |     1      |    1.032   |  108.855   |    0.016   |    5.581   |      Yes, p =  0.0280      |     3      |[13]gtG>gtA,Gtt>Att|[9]gtC>gtT|[8]gtT>gtC...|
|    311     |     1      |    0.661   |  986.646   |    0.003   |    4.133   |      Yes, p =  0.0591      |     1      |           [24]tgC>tgT|[1]Tgc>Agc           |
|    354     |     1      |    0.560   |   66.433   |    0.036   |    8.672   |      Yes, p =  0.0058      |     3      |[15]atA>atG|[10]Ata>Tta|[4]ttA>ttG|[3]Ata...|
|    376     |     1      |    1.038   |   82.902   |    0.006   |    7.878   |      Yes, p =  0.0086      |     1      |[26]aaG>aaA|[17]aaA>aaG|[1]aAa>aGa,AAa>GG...|
|    389     |     1      |    1.297   |  168.589   |    0.014   |    4.127   |      Yes, p =  0.0592      |     3      |[36]aGa>aAa|[20]agA>agG|[6]aGA>aAG,aGg>aA...|
|    392     |     1      |    0.970   |  233.846   |    0.005   |    3.287   |      Yes, p =  0.0918      |     1      |[40]caG>caA|[8]caA>caG|[3]caG>caT|[2]Cag>...|
|    447     |     1      |    1.041   |  186.537   |    0.006   |    7.163   |      Yes, p =  0.0124      |     1      |[28]caG>caA|[16]caA>caG|[3]cAg>cTg|[1]Caa...|
|    498     |     1      |    0.532   |   12.038   |    0.029   |    4.527   |      Yes, p =  0.0481      |     2      |[16]atT>atC|[5]atT>atA|[1]aTt>aAt,atT>atY...|
|    615     |     1      |    0.265   |    8.484   |    0.029   |    3.692   |      Yes, p =  0.0743      |     2      |     [13]Ata>Gta|[3]atA>atT|[1]AtA>GtG      |
|    704     |     1      |    1.215   |10000.000...|    0.003   |    7.501   |      Yes, p =  0.0105      |     1      |[32]taT>taC|[6]taC>taT|[1]TaT>CaC,Tat>Cat...|

### ** Found _14_ sites under episodic diversifying positive selection at p <= 0.1**
